#
# A fatal error has been detected by the Java Runtime Environment:
#
#  Internal Error (safepoint.cpp:318), pid=87196, tid=13315
#  guarantee(PageArmed == 0) failed: invariant
#
# JRE version: Java(TM) SE Runtime Environment (7.0_60-b19) (build 1.7.0_60-b19)
# Java VM: Java HotSpot(TM) 64-Bit Server VM (24.60-b09 mixed mode bsd-amd64 compressed oops)
# Failed to write core dump. Core dumps have been disabled. To enable core dumping, try "ulimit -c unlimited" before starting Java again
#
# If you would like to submit a bug report, please visit:
#   http://bugreport.sun.com/bugreport/crash.jsp
#

---------------  T H R E A D  ---------------

Current thread (0x00007f82a6817800):  VMThread [stack: 0x0000700000a35000,0x0000700000b35000] [id=13315]

Stack: [0x0000700000a35000,0x0000700000b35000],  sp=0x0000700000b34990,  free space=1022k
Native frames: (J=compiled Java code, j=interpreted, Vv=VM code, C=native code)
V  [libjvm.dylib+0x52b285]
V  [libjvm.dylib+0x1ed441]
V  [libjvm.dylib+0x47391e]
V  [libjvm.dylib+0x530dc1]
V  [libjvm.dylib+0x5306f7]
V  [libjvm.dylib+0x420b4e]
C  [libsystem_pthread.dylib+0x399d]  _pthread_body+0x83
C  [libsystem_pthread.dylib+0x391a]  _pthread_body+0x0
C  [libsystem_pthread.dylib+0x1351]  thread_start+0xd

VM_Operation (0x00007f82a61283f0): EnableBiasedLocking, mode: async safepoint, requested by thread 0x00007f82a7004000


---------------  P R O C E S S  ---------------

Java Threads: ( => current thread )
  0x00007f82a7053000 JavaThread "Monitor Ctrl-Break" daemon [_thread_in_native, id=21507, stack(0x00007000013d3000,0x00007000014d3000)]
  0x00007f82a482f800 JavaThread "Service Thread" daemon [_thread_blocked, id=19971, stack(0x00007000010ca000,0x00007000011ca000)]
  0x00007f82a482e800 JavaThread "C2 CompilerThread1" daemon [_thread_blocked, id=19459, stack(0x0000700000fc7000,0x00007000010c7000)]
  0x00007f82a4800800 JavaThread "C2 CompilerThread0" daemon [_thread_blocked, id=18947, stack(0x0000700000ec4000,0x0000700000fc4000)]
  0x00007f82a6832800 JavaThread "Signal Dispatcher" daemon [_thread_blocked, id=15887, stack(0x0000700000dc1000,0x0000700000ec1000)]
  0x00007f82a3816000 JavaThread "Finalizer" daemon [_thread_blocked, id=14339, stack(0x0000700000c3b000,0x0000700000d3b000)]
  0x00007f82a4819000 JavaThread "Reference Handler" daemon [_thread_blocked, id=13827, stack(0x0000700000b38000,0x0000700000c38000)]
  0x00007f82a5801000 JavaThread "main" [_thread_in_Java, id=5891, stack(0x000070000011a000,0x000070000021a000)]

Other Threads:
=>0x00007f82a6817800 VMThread [stack: 0x0000700000a35000,0x0000700000b35000] [id=13315]
  0x00007f82a7004000 WatcherThread [stack: 0x00007000012d0000,0x00007000013d0000] [id=20995]

VM state:synchronizing (normal execution)

VM Mutex/Monitor currently owned by a thread:  ([mutex/lock_event])
[0x00007f82a6102850] Safepoint_lock - owner thread: 0x00007f82a6817800
[0x00007f82a61028d0] Threads_lock - owner thread: 0x00007f82a6817800

Heap
 PSYoungGen      total 142848K, used 51863K [0x00000007aaa80000, 0x00000007b4080000, 0x0000000800000000)
  eden space 132096K, 36% used [0x00000007aaa80000,0x00000007ad9e3f88,0x00000007b2b80000)
  from space 10752K, 31% used [0x00000007b3600000,0x00000007b3941f80,0x00000007b4080000)
  to   space 10752K, 0% used [0x00000007b2b80000,0x00000007b2b80000,0x00000007b3600000)
 ParOldGen       total 174592K, used 16K [0x0000000700000000, 0x000000070aa80000, 0x00000007aaa80000)
  object space 174592K, 0% used [0x0000000700000000,0x0000000700004000,0x000000070aa80000)
 PSPermGen       total 21504K, used 5247K [0x00000006fae00000, 0x00000006fc300000, 0x0000000700000000)
  object space 21504K, 24% used [0x00000006fae00000,0x00000006fb31ff70,0x00000006fc300000)

Card table byte_map: [0x000000010791f000,0x0000000108149000] byte_map_base: 0x0000000104148000

Polling page: 0x0000000102dbd000

Code Cache  [0x000000010485f000, 0x0000000104acf000, 0x000000010785f000)
 total_blobs=326 nmethods=90 adapters=190 free_code_cache=48566Kb largest_free_block=49704576

Compilation events (10 events):
Event: 0.428 Thread 0x00007f82a4800800 nmethod 86 0x00000001048e8b10 code [0x00000001048e8c40, 0x00000001048e8cd8]
Event: 0.428 Thread 0x00007f82a4800800   87             java.util.regex.Pattern$Ques::match (192 bytes)
Event: 0.431 Thread 0x00007f82a4800800 nmethod 87 0x00000001048e7f90 code [0x00000001048e8140, 0x00000001048e8588]
Event: 0.431 Thread 0x00007f82a4800800   88             com.hackerrank.datastructures.disjointset.kunduandtree.Solution$DisjointSet::union (97 bytes)
Event: 0.436 Thread 0x00007f82a4800800 nmethod 88 0x00000001048eab90 code [0x00000001048ead60, 0x00000001048eb3f8]
Event: 0.439 Thread 0x00007f82a482e800 nmethod 74 0x00000001048f0610 code [0x00000001048f08c0, 0x00000001048f1e40]
Event: 0.445 Thread 0x00007f82a4800800   89             java.util.Scanner::next (51 bytes)
Event: 0.447 Thread 0x00007f82a4800800 nmethod 89 0x00000001048ea7d0 code [0x00000001048ea940, 0x00000001048eaa50]
Event: 0.449 Thread 0x00007f82a482e800   90 %           com.hackerrank.datastructures.disjointset.kunduandtree.Solution::execute @ 45 (314 bytes)
Event: 0.497 Thread 0x00007f82a482e800 nmethod 90% 0x00000001048f3050 code [0x00000001048f34a0, 0x00000001048f5730]

GC Heap History (4 events):
Event: 0.522 GC heap before
{Heap before GC invocations=1 (full 0):
 PSYoungGen      total 76800K, used 66048K [0x00000007aaa80000, 0x00000007b0000000, 0x0000000800000000)
  eden space 66048K, 100% used [0x00000007aaa80000,0x00000007aeb00000,0x00000007aeb00000)
  from space 10752K, 0% used [0x00000007af580000,0x00000007af580000,0x00000007b0000000)
  to   space 10752K, 0% used [0x00000007aeb00000,0x00000007aeb00000,0x00000007af580000)
 ParOldGen       total 174592K, used 0K [0x0000000700000000, 0x000000070aa80000, 0x00000007aaa80000)
  object space 174592K, 0% used [0x0000000700000000,0x0000000700000000,0x000000070aa80000)
 PSPermGen       total 21504K, used 5246K [0x00000006fae00000, 0x00000006fc300000, 0x0000000700000000)
  object space 21504K, 24% used [0x00000006fae00000,0x00000006fb31f858,0x00000006fc300000)
Event: 0.528 GC heap after
Heap after GC invocations=1 (full 0):
 PSYoungGen      total 76800K, used 3639K [0x00000007aaa80000, 0x00000007b4080000, 0x0000000800000000)
  eden space 66048K, 0% used [0x00000007aaa80000,0x00000007aaa80000,0x00000007aeb00000)
  from space 10752K, 33% used [0x00000007aeb00000,0x00000007aee8dfa8,0x00000007af580000)
  to   space 10752K, 0% used [0x00000007b3600000,0x00000007b3600000,0x00000007b4080000)
 ParOldGen       total 174592K, used 8K [0x0000000700000000, 0x000000070aa80000, 0x00000007aaa80000)
  object space 174592K, 0% used [0x0000000700000000,0x0000000700002000,0x000000070aa80000)
 PSPermGen       total 21504K, used 5246K [0x00000006fae00000, 0x00000006fc300000, 0x0000000700000000)
  object space 21504K, 24% used [0x00000006fae00000,0x00000006fb31f858,0x00000006fc300000)
}
Event: 0.610 GC heap before
{Heap before GC invocations=2 (full 0):
 PSYoungGen      total 76800K, used 69687K [0x00000007aaa80000, 0x00000007b4080000, 0x0000000800000000)
  eden space 66048K, 100% used [0x00000007aaa80000,0x00000007aeb00000,0x00000007aeb00000)
  from space 10752K, 33% used [0x00000007aeb00000,0x00000007aee8dfa8,0x00000007af580000)
  to   space 10752K, 0% used [0x00000007b3600000,0x00000007b3600000,0x00000007b4080000)
 ParOldGen       total 174592K, used 8K [0x0000000700000000, 0x000000070aa80000, 0x00000007aaa80000)
  object space 174592K, 0% used [0x0000000700000000,0x0000000700002000,0x000000070aa80000)
 PSPermGen       total 21504K, used 5246K [0x00000006fae00000, 0x00000006fc300000, 0x0000000700000000)
  object space 21504K, 24% used [0x00000006fae00000,0x00000006fb31f960,0x00000006fc300000)
Event: 0.614 GC heap after
Heap after GC invocations=2 (full 0):
 PSYoungGen      total 142848K, used 3335K [0x00000007aaa80000, 0x00000007b4080000, 0x0000000800000000)
  eden space 132096K, 0% used [0x00000007aaa80000,0x00000007aaa80000,0x00000007b2b80000)
  from space 10752K, 31% used [0x00000007b3600000,0x00000007b3941f80,0x00000007b4080000)
  to   space 10752K, 0% used [0x00000007b2b80000,0x00000007b2b80000,0x00000007b3600000)
 ParOldGen       total 174592K, used 16K [0x0000000700000000, 0x000000070aa80000, 0x00000007aaa80000)
  object space 174592K, 0% used [0x0000000700000000,0x0000000700004000,0x000000070aa80000)
 PSPermGen       total 21504K, used 5246K [0x00000006fae00000, 0x00000006fc300000, 0x0000000700000000)
  object space 21504K, 24% used [0x00000006fae00000,0x00000006fb31f960,0x00000006fc300000)
}

Deoptimization events (6 events):
Event: 0.164 Thread 0x00007f82a5801000 Uncommon trap: reason=class_check action=maybe_recompile pc=0x00000001048c6dbc method=java.util.Properties$LineReader.readLine()I @ 62
Event: 0.164 Thread 0x00007f82a5801000 Uncommon trap: reason=class_check action=maybe_recompile pc=0x00000001048c6dbc method=java.util.Properties$LineReader.readLine()I @ 62
Event: 0.164 Thread 0x00007f82a5801000 Uncommon trap: reason=class_check action=maybe_recompile pc=0x00000001048c6dbc method=java.util.Properties$LineReader.readLine()I @ 62
Event: 0.281 Thread 0x00007f82a5801000 Uncommon trap: reason=bimorphic action=maybe_recompile pc=0x00000001048c9f24 method=java.util.regex.Matcher.match(II)Z @ 86
Event: 0.281 Thread 0x00007f82a5801000 Uncommon trap: reason=bimorphic action=maybe_recompile pc=0x00000001048c9f24 method=java.util.regex.Matcher.match(II)Z @ 86
Event: 0.281 Thread 0x00007f82a5801000 Uncommon trap: reason=bimorphic action=maybe_recompile pc=0x00000001048c9f24 method=java.util.regex.Matcher.match(II)Z @ 86

Internal exceptions (10 events):
Event: 0.242 Thread 0x00007f82a5801000 Threw 0x00000007ab20d4f8 at /HUDSON/workspace/7u-2-build-macosx-x86_64/jdk7u60/1081/hotspot/src/share/vm/prims/jvm.cpp:1244
Event: 0.242 Thread 0x00007f82a5801000 Threw 0x00000007ab212cb0 at /HUDSON/workspace/7u-2-build-macosx-x86_64/jdk7u60/1081/hotspot/src/share/vm/prims/jvm.cpp:1244
Event: 0.243 Thread 0x00007f82a5801000 Threw 0x00000007ab219140 at /HUDSON/workspace/7u-2-build-macosx-x86_64/jdk7u60/1081/hotspot/src/share/vm/prims/jvm.cpp:1244
Event: 0.249 Thread 0x00007f82a5801000 Threw 0x00000007ab23a828 at /HUDSON/workspace/7u-2-build-macosx-x86_64/jdk7u60/1081/hotspot/src/share/vm/prims/jvm.cpp:1244
Event: 0.249 Thread 0x00007f82a5801000 Threw 0x00000007ab252d10 at /HUDSON/workspace/7u-2-build-macosx-x86_64/jdk7u60/1081/hotspot/src/share/vm/prims/jvm.cpp:1244
Event: 0.250 Thread 0x00007f82a5801000 Threw 0x00000007ab259ae8 at /HUDSON/workspace/7u-2-build-macosx-x86_64/jdk7u60/1081/hotspot/src/share/vm/prims/jvm.cpp:1244
Event: 0.251 Thread 0x00007f82a5801000 Threw 0x00000007ab2654a8 at /HUDSON/workspace/7u-2-build-macosx-x86_64/jdk7u60/1081/hotspot/src/share/vm/prims/jvm.cpp:1244
Event: 0.260 Thread 0x00007f82a5801000 Threw 0x00000007ab288ac0 at /HUDSON/workspace/7u-2-build-macosx-x86_64/jdk7u60/1081/hotspot/src/share/vm/prims/jvm.cpp:1244
Event: 0.262 Thread 0x00007f82a5801000 Threw 0x00000007ab29b848 at /HUDSON/workspace/7u-2-build-macosx-x86_64/jdk7u60/1081/hotspot/src/share/vm/prims/jvm.cpp:1244
Event: 1.535 Thread 0x00007f82a500c000 Threw 0x00000007ad893348 at /HUDSON/workspace/7u-2-build-macosx-x86_64/jdk7u60/1081/hotspot/src/share/vm/prims/jni.cpp:717

Events (10 events):
Event: 0.281 Thread 0x00007f82a5801000 DEOPT PACKING pc=0x00000001048c9f24 sp=0x0000700000218050
Event: 0.281 Thread 0x00007f82a5801000 DEOPT UNPACKING pc=0x0000000104898045 sp=0x0000700000218018 mode 2
Event: 0.522 Executing VM operation: ParallelGCFailedAllocation
Event: 0.528 Executing VM operation: ParallelGCFailedAllocation done
Event: 0.610 Executing VM operation: ParallelGCFailedAllocation
Event: 0.614 Executing VM operation: ParallelGCFailedAllocation done
Event: 1.535 loading class 0x00000001112228a0
Event: 1.535 loading class 0x00000001112228a0 done
Event: 1.535 Thread 0x00007f82a500c000 Thread exited: 0x00007f82a500c000
Event: 4.113 Executing VM operation: EnableBiasedLocking


Dynamic libraries:
0x00000000052fd000 	/System/Library/Frameworks/Cocoa.framework/Versions/A/Cocoa
0x00000000052fd000 	/System/Library/Frameworks/Security.framework/Versions/A/Security
0x00000000052fd000 	/System/Library/Frameworks/ApplicationServices.framework/Versions/A/ApplicationServices
0x00000000052fd000 	/usr/lib/libz.1.dylib
0x00000000052fd000 	/usr/lib/libSystem.B.dylib
0x00000000052fd000 	/usr/lib/libobjc.A.dylib
0x00000000052fd000 	/System/Library/Frameworks/CoreFoundation.framework/Versions/A/CoreFoundation
0x00000000052fd000 	/System/Library/Frameworks/Foundation.framework/Versions/C/Foundation
0x00000000052fd000 	/System/Library/Frameworks/AppKit.framework/Versions/C/AppKit
0x00000000052fd000 	/System/Library/Frameworks/CoreData.framework/Versions/A/CoreData
0x00000000052fd000 	/System/Library/PrivateFrameworks/RemoteViewServices.framework/Versions/A/RemoteViewServices
0x00000000052fd000 	/System/Library/PrivateFrameworks/UIFoundation.framework/Versions/A/UIFoundation
0x00000000052fd000 	/usr/lib/libScreenReader.dylib
0x00000000052fd000 	/System/Library/Frameworks/Accelerate.framework/Versions/A/Accelerate
0x00000000052fd000 	/System/Library/Frameworks/IOSurface.framework/Versions/A/IOSurface
0x00000000052fd000 	/System/Library/Frameworks/AudioToolbox.framework/Versions/A/AudioToolbox
0x00000000052fd000 	/System/Library/Frameworks/AudioUnit.framework/Versions/A/AudioUnit
0x00000000052fd000 	/System/Library/PrivateFrameworks/DataDetectorsCore.framework/Versions/A/DataDetectorsCore
0x00000000052fd000 	/System/Library/PrivateFrameworks/DesktopServicesPriv.framework/Versions/A/DesktopServicesPriv
0x00000000052fd000 	/System/Library/Frameworks/Carbon.framework/Versions/A/Frameworks/HIToolbox.framework/Versions/A/HIToolbox
0x00000000052fd000 	/System/Library/Frameworks/QuartzCore.framework/Versions/A/QuartzCore
0x00000000052fd000 	/System/Library/Frameworks/Carbon.framework/Versions/A/Frameworks/SpeechRecognition.framework/Versions/A/SpeechRecognition
0x00000000052fd000 	/usr/lib/libauto.dylib
0x00000000052fd000 	/usr/lib/libicucore.A.dylib
0x00000000052fd000 	/usr/lib/libxml2.2.dylib
0x00000000052fd000 	/System/Library/PrivateFrameworks/CoreUI.framework/Versions/A/CoreUI
0x00000000052fd000 	/System/Library/Frameworks/CoreAudio.framework/Versions/A/CoreAudio
0x00000000052fd000 	/System/Library/Frameworks/DiskArbitration.framework/Versions/A/DiskArbitration
0x00000000052fd000 	/usr/lib/liblangid.dylib
0x00000000052fd000 	/System/Library/PrivateFrameworks/MultitouchSupport.framework/Versions/A/MultitouchSupport
0x00000000052fd000 	/System/Library/Frameworks/IOKit.framework/Versions/A/IOKit
0x00000000052fd000 	/usr/lib/libDiagnosticMessagesClient.dylib
0x00000000052fd000 	/System/Library/Frameworks/CoreServices.framework/Versions/A/CoreServices
0x00000000052fd000 	/System/Library/PrivateFrameworks/PerformanceAnalysis.framework/Versions/A/PerformanceAnalysis
0x00000000052fd000 	/System/Library/PrivateFrameworks/GenerationalStorage.framework/Versions/A/GenerationalStorage
0x00000000052fd000 	/System/Library/Frameworks/OpenGL.framework/Versions/A/OpenGL
0x00000000052fd000 	/System/Library/PrivateFrameworks/Sharing.framework/Versions/A/Sharing
0x00000000052fd000 	/System/Library/Frameworks/CoreGraphics.framework/Versions/A/CoreGraphics
0x00000000052fd000 	/System/Library/Frameworks/CoreImage.framework/Versions/A/CoreImage
0x00000000052fd000 	/System/Library/Frameworks/CoreText.framework/Versions/A/CoreText
0x00000000052fd000 	/System/Library/Frameworks/ImageIO.framework/Versions/A/ImageIO
0x00000000052fd000 	/System/Library/PrivateFrameworks/Backup.framework/Versions/A/Backup
0x00000000052fd000 	/usr/lib/libextension.dylib
0x00000000052fd000 	/usr/lib/libarchive.2.dylib
0x00000000052fd000 	/System/Library/Frameworks/CFNetwork.framework/Versions/A/CFNetwork
0x00000000052fd000 	/System/Library/Frameworks/SystemConfiguration.framework/Versions/A/SystemConfiguration
0x00000000052fd000 	/usr/lib/libCRFSuite.dylib
0x00000000052fd000 	/usr/lib/libc++.1.dylib
0x00000000052fd000 	/usr/lib/libc++abi.dylib
0x00000000052fd000 	/usr/lib/system/libcache.dylib
0x00000000052fd000 	/usr/lib/system/libcommonCrypto.dylib
0x00000000052fd000 	/usr/lib/system/libcompiler_rt.dylib
0x00000000052fd000 	/usr/lib/system/libcopyfile.dylib
0x00000000052fd000 	/usr/lib/system/libcorecrypto.dylib
0x00000000052fd000 	/usr/lib/system/libdispatch.dylib
0x00000000052fd000 	/usr/lib/system/libdyld.dylib
0x00000000052fd000 	/usr/lib/system/libkeymgr.dylib
0x00000000052fd000 	/usr/lib/system/liblaunch.dylib
0x00000000052fd000 	/usr/lib/system/libmacho.dylib
0x00000000052fd000 	/usr/lib/system/libquarantine.dylib
0x00000000052fd000 	/usr/lib/system/libremovefile.dylib
0x00000000052fd000 	/usr/lib/system/libsystem_asl.dylib
0x00000000052fd000 	/usr/lib/system/libsystem_blocks.dylib
0x00000000052fd000 	/usr/lib/system/libsystem_c.dylib
0x00000000052fd000 	/usr/lib/system/libsystem_configuration.dylib
0x00000000052fd000 	/usr/lib/system/libsystem_coreservices.dylib
0x00000000052fd000 	/usr/lib/system/libsystem_coretls.dylib
0x00000000052fd000 	/usr/lib/system/libsystem_dnssd.dylib
0x00000000052fd000 	/usr/lib/system/libsystem_info.dylib
0x00000000052fd000 	/usr/lib/system/libsystem_kernel.dylib
0x00000000052fd000 	/usr/lib/system/libsystem_m.dylib
0x00000000052fd000 	/usr/lib/system/libsystem_malloc.dylib
0x00000000052fd000 	/usr/lib/system/libsystem_network.dylib
0x00000000052fd000 	/usr/lib/system/libsystem_networkextension.dylib
0x00000000052fd000 	/usr/lib/system/libsystem_notify.dylib
0x00000000052fd000 	/usr/lib/system/libsystem_platform.dylib
0x00000000052fd000 	/usr/lib/system/libsystem_pthread.dylib
0x00000000052fd000 	/usr/lib/system/libsystem_sandbox.dylib
0x00000000052fd000 	/usr/lib/system/libsystem_secinit.dylib
0x00000000052fd000 	/usr/lib/system/libsystem_trace.dylib
0x00000000052fd000 	/usr/lib/system/libunc.dylib
0x00000000052fd000 	/usr/lib/system/libunwind.dylib
0x00000000052fd000 	/usr/lib/system/libxpc.dylib
0x00000000052fd000 	/usr/lib/libenergytrace.dylib
0x00000000052fd000 	/usr/lib/libbsm.0.dylib
0x00000000052fd000 	/usr/lib/system/libkxld.dylib
0x00000000052fd000 	/usr/lib/libxar.1.dylib
0x00000000052fd000 	/usr/lib/libsqlite3.dylib
0x00000000052fd000 	/usr/lib/libpam.2.dylib
0x00000000052fd000 	/usr/lib/libOpenScriptingUtil.dylib
0x00000000052fd000 	/usr/lib/libbz2.1.0.dylib
0x00000000052fd000 	/usr/lib/liblzma.5.dylib
0x00000000052fd000 	/System/Library/Frameworks/CoreServices.framework/Versions/A/Frameworks/FSEvents.framework/Versions/A/FSEvents
0x00000000052fd000 	/System/Library/Frameworks/CoreServices.framework/Versions/A/Frameworks/CarbonCore.framework/Versions/A/CarbonCore
0x00000000052fd000 	/System/Library/Frameworks/CoreServices.framework/Versions/A/Frameworks/Metadata.framework/Versions/A/Metadata
0x00000000052fd000 	/System/Library/Frameworks/CoreServices.framework/Versions/A/Frameworks/OSServices.framework/Versions/A/OSServices
0x00000000052fd000 	/System/Library/Frameworks/CoreServices.framework/Versions/A/Frameworks/SearchKit.framework/Versions/A/SearchKit
0x00000000052fd000 	/System/Library/Frameworks/CoreServices.framework/Versions/A/Frameworks/AE.framework/Versions/A/AE
0x00000000052fd000 	/System/Library/Frameworks/CoreServices.framework/Versions/A/Frameworks/LaunchServices.framework/Versions/A/LaunchServices
0x00000000052fd000 	/System/Library/Frameworks/CoreServices.framework/Versions/A/Frameworks/DictionaryServices.framework/Versions/A/DictionaryServices
0x00000000052fd000 	/System/Library/Frameworks/CoreServices.framework/Versions/A/Frameworks/SharedFileList.framework/Versions/A/SharedFileList
0x00000000052fd000 	/System/Library/Frameworks/NetFS.framework/Versions/A/NetFS
0x00000000052fd000 	/System/Library/PrivateFrameworks/NetAuth.framework/Versions/A/NetAuth
0x00000000052fd000 	/System/Library/PrivateFrameworks/login.framework/Versions/A/Frameworks/loginsupport.framework/Versions/A/loginsupport
0x00000000052fd000 	/System/Library/PrivateFrameworks/TCC.framework/Versions/A/TCC
0x00000000052fd000 	/usr/lib/libmecabra.dylib
0x00000000052fd000 	/System/Library/Frameworks/ApplicationServices.framework/Versions/A/Frameworks/ATS.framework/Versions/A/ATS
0x00000000052fd000 	/System/Library/Frameworks/ApplicationServices.framework/Versions/A/Frameworks/ColorSync.framework/Versions/A/ColorSync
0x00000000052fd000 	/System/Library/Frameworks/ApplicationServices.framework/Versions/A/Frameworks/HIServices.framework/Versions/A/HIServices
0x00000000052fd000 	/System/Library/Frameworks/ApplicationServices.framework/Versions/A/Frameworks/LangAnalysis.framework/Versions/A/LangAnalysis
0x00000000052fd000 	/System/Library/Frameworks/ApplicationServices.framework/Versions/A/Frameworks/PrintCore.framework/Versions/A/PrintCore
0x00000000052fd000 	/System/Library/Frameworks/ApplicationServices.framework/Versions/A/Frameworks/QD.framework/Versions/A/QD
0x00000000052fd000 	/System/Library/Frameworks/ApplicationServices.framework/Versions/A/Frameworks/SpeechSynthesis.framework/Versions/A/SpeechSynthesis
0x00000000052fd000 	/System/Library/Frameworks/Metal.framework/Versions/A/Metal
0x00000000052fd000 	/System/Library/Frameworks/Accelerate.framework/Versions/A/Frameworks/vImage.framework/Versions/A/vImage
0x00000000052fd000 	/System/Library/Frameworks/Accelerate.framework/Versions/A/Frameworks/vecLib.framework/Versions/A/vecLib
0x00000000052fd000 	/System/Library/Frameworks/Accelerate.framework/Versions/A/Frameworks/vecLib.framework/Versions/A/libvDSP.dylib
0x00000000052fd000 	/System/Library/Frameworks/Accelerate.framework/Versions/A/Frameworks/vecLib.framework/Versions/A/libvMisc.dylib
0x00000000052fd000 	/System/Library/Frameworks/Accelerate.framework/Versions/A/Frameworks/vecLib.framework/Versions/A/libLAPACK.dylib
0x00000000052fd000 	/System/Library/Frameworks/Accelerate.framework/Versions/A/Frameworks/vecLib.framework/Versions/A/libBLAS.dylib
0x00000000052fd000 	/System/Library/Frameworks/Accelerate.framework/Versions/A/Frameworks/vecLib.framework/Versions/A/libLinearAlgebra.dylib
0x00000000052fd000 	/System/Library/Frameworks/Accelerate.framework/Versions/A/Frameworks/vecLib.framework/Versions/A/libSparseBLAS.dylib
0x00000000052fd000 	/System/Library/PrivateFrameworks/GPUCompiler.framework/libmetal_timestamp.dylib
0x00000000052fd000 	/System/Library/Frameworks/OpenGL.framework/Versions/A/Libraries/libCoreFSCache.dylib
0x00000000052fd000 	/System/Library/PrivateFrameworks/IOAccelerator.framework/Versions/A/IOAccelerator
0x00000000052fd000 	/System/Library/Frameworks/ApplicationServices.framework/Versions/A/Frameworks/ATS.framework/Versions/A/Resources/libFontParser.dylib
0x00000000052fd000 	/System/Library/Frameworks/ApplicationServices.framework/Versions/A/Frameworks/ATS.framework/Versions/A/Resources/libFontRegistry.dylib
0x00000000052fd000 	/System/Library/PrivateFrameworks/AppleVPA.framework/Versions/A/AppleVPA
0x00000000052fd000 	/System/Library/PrivateFrameworks/AppleJPEG.framework/Versions/A/AppleJPEG
0x00000000052fd000 	/System/Library/Frameworks/ImageIO.framework/Versions/A/Resources/libJPEG.dylib
0x00000000052fd000 	/System/Library/Frameworks/ImageIO.framework/Versions/A/Resources/libTIFF.dylib
0x00000000052fd000 	/System/Library/Frameworks/ImageIO.framework/Versions/A/Resources/libPng.dylib
0x00000000052fd000 	/System/Library/Frameworks/ImageIO.framework/Versions/A/Resources/libGIF.dylib
0x00000000052fd000 	/System/Library/Frameworks/ImageIO.framework/Versions/A/Resources/libJP2.dylib
0x00000000052fd000 	/System/Library/Frameworks/ImageIO.framework/Versions/A/Resources/libRadiance.dylib
0x00000000052fd000 	/System/Library/Frameworks/CoreVideo.framework/Versions/A/CoreVideo
0x00000000052fd000 	/System/Library/Frameworks/OpenGL.framework/Versions/A/Libraries/libGLU.dylib
0x00000000052fd000 	/System/Library/Frameworks/OpenGL.framework/Versions/A/Libraries/libGFXShared.dylib
0x00000000052fd000 	/System/Library/Frameworks/OpenGL.framework/Versions/A/Libraries/libGL.dylib
0x00000000052fd000 	/System/Library/Frameworks/OpenGL.framework/Versions/A/Libraries/libGLImage.dylib
0x00000000052fd000 	/System/Library/Frameworks/OpenGL.framework/Versions/A/Libraries/libCVMSPluginSupport.dylib
0x00000000052fd000 	/System/Library/Frameworks/OpenGL.framework/Versions/A/Libraries/libCoreVMClient.dylib
0x00000000052fd000 	/usr/lib/libcompression.dylib
0x00000000052fd000 	/usr/lib/libcups.2.dylib
0x00000000052fd000 	/System/Library/Frameworks/Kerberos.framework/Versions/A/Kerberos
0x00000000052fd000 	/System/Library/Frameworks/GSS.framework/Versions/A/GSS
0x00000000052fd000 	/usr/lib/libresolv.9.dylib
0x00000000052fd000 	/usr/lib/libiconv.2.dylib
0x00000000052fd000 	/System/Library/PrivateFrameworks/Heimdal.framework/Versions/A/Heimdal
0x00000000052fd000 	/usr/lib/libheimdal-asn1.dylib
0x00000000052fd000 	/System/Library/Frameworks/OpenDirectory.framework/Versions/A/OpenDirectory
0x00000000052fd000 	/System/Library/PrivateFrameworks/CommonAuth.framework/Versions/A/CommonAuth
0x00000000052fd000 	/System/Library/Frameworks/OpenDirectory.framework/Versions/A/Frameworks/CFOpenDirectory.framework/Versions/A/CFOpenDirectory
0x00000000052fd000 	/System/Library/Frameworks/SecurityFoundation.framework/Versions/A/SecurityFoundation
0x00000000052fd000 	/System/Library/PrivateFrameworks/LanguageModeling.framework/Versions/A/LanguageModeling
0x00000000052fd000 	/usr/lib/libmarisa.dylib
0x00000000052fd000 	/usr/lib/libChineseTokenizer.dylib
0x00000000052fd000 	/usr/lib/libcmph.dylib
0x00000000052fd000 	/System/Library/Frameworks/ServiceManagement.framework/Versions/A/ServiceManagement
0x00000000052fd000 	/usr/lib/libxslt.1.dylib
0x00000000052fd000 	/System/Library/Frameworks/Carbon.framework/Versions/A/Frameworks/Ink.framework/Versions/A/Ink
0x00000000052fd000 	/usr/lib/libFosl_dynamic.dylib
0x00000000052fd000 	/System/Library/PrivateFrameworks/FaceCore.framework/Versions/A/FaceCore
0x00000000052fd000 	/System/Library/Frameworks/OpenCL.framework/Versions/A/OpenCL
0x00000000052fd000 	/System/Library/PrivateFrameworks/CrashReporterSupport.framework/Versions/A/CrashReporterSupport
0x00000000052fd000 	/System/Library/PrivateFrameworks/IconServices.framework/Versions/A/IconServices
0x00000000052fd000 	/System/Library/PrivateFrameworks/Apple80211.framework/Versions/A/Apple80211
0x00000000052fd000 	/System/Library/Frameworks/CoreWLAN.framework/Versions/A/CoreWLAN
0x00000000052fd000 	/System/Library/Frameworks/IOBluetooth.framework/Versions/A/IOBluetooth
0x00000000052fd000 	/System/Library/PrivateFrameworks/CoreWiFi.framework/Versions/A/CoreWiFi
0x00000000052fd000 	/System/Library/Frameworks/CoreBluetooth.framework/Versions/A/CoreBluetooth
0x00000000052fd000 	/System/Library/PrivateFrameworks/ChunkingLibrary.framework/Versions/A/ChunkingLibrary
0x00000000052fd000 	/System/Library/PrivateFrameworks/DebugSymbols.framework/Versions/A/DebugSymbols
0x00000000052fd000 	/System/Library/PrivateFrameworks/CoreSymbolication.framework/Versions/A/CoreSymbolication
0x00000000052fd000 	/System/Library/PrivateFrameworks/Symbolication.framework/Versions/A/Symbolication
0x00000000052fd000 	/System/Library/PrivateFrameworks/SpeechRecognitionCore.framework/Versions/A/SpeechRecognitionCore
0x0000000103e00000 	/Library/Java/JavaVirtualMachines/jdk1.7.0_60.jdk/Contents/Home/jre/lib/server/libjvm.dylib
0x00000000052fd000 	/usr/lib/libstdc++.6.dylib
0x0000000102d80000 	/Library/Java/JavaVirtualMachines/jdk1.7.0_60.jdk/Contents/Home/jre/lib/libverify.dylib
0x0000000102d8d000 	/Library/Java/JavaVirtualMachines/jdk1.7.0_60.jdk/Contents/Home/jre/lib/libjava.dylib
0x0000000102dc7000 	/Library/Java/JavaVirtualMachines/jdk1.7.0_60.jdk/Contents/Home/jre/lib/libzip.dylib
0x00000001130e1000 	/System/Library/Frameworks/JavaVM.framework/Frameworks/JavaRuntimeSupport.framework/JavaRuntimeSupport
0x00000001130fc000 	/System/Library/Frameworks/JavaVM.framework/Versions/A/Frameworks/JavaNativeFoundation.framework/Versions/A/JavaNativeFoundation
0x0000000113111000 	/System/Library/Frameworks/JavaVM.framework/Versions/A/JavaVM
0x00000000052fd000 	/System/Library/Frameworks/Carbon.framework/Versions/A/Carbon
0x000000011311e000 	/System/Library/PrivateFrameworks/JavaLaunching.framework/Versions/A/JavaLaunching
0x00000000052fd000 	/System/Library/Frameworks/Carbon.framework/Versions/A/Frameworks/CommonPanels.framework/Versions/A/CommonPanels
0x00000000052fd000 	/System/Library/Frameworks/Carbon.framework/Versions/A/Frameworks/Help.framework/Versions/A/Help
0x00000000052fd000 	/System/Library/Frameworks/Carbon.framework/Versions/A/Frameworks/ImageCapture.framework/Versions/A/ImageCapture
0x00000000052fd000 	/System/Library/Frameworks/Carbon.framework/Versions/A/Frameworks/OpenScripting.framework/Versions/A/OpenScripting
0x00000000052fd000 	/System/Library/Frameworks/Carbon.framework/Versions/A/Frameworks/Print.framework/Versions/A/Print
0x00000000052fd000 	/System/Library/Frameworks/Carbon.framework/Versions/A/Frameworks/SecurityHI.framework/Versions/A/SecurityHI
0x0000000114a3d000 	/Library/Java/JavaVirtualMachines/jdk1.7.0_60.jdk/Contents/Home/jre/lib/libnio.dylib
0x0000000114a4c000 	/Library/Java/JavaVirtualMachines/jdk1.7.0_60.jdk/Contents/Home/jre/lib/./libnet.dylib
0x0000000114aab000 	/Applications/IntelliJ IDEA.app/Contents/bin/libbreakgen64.jnilib
0x0000000114c36000 	/Library/Java/JavaVirtualMachines/jdk1.7.0_60.jdk/Contents/Home/jre/lib/libmanagement.dylib

VM Arguments:
jvm_args: -ea -Didea.launcher.port=7556 -Didea.launcher.bin.path=/Applications/IntelliJ IDEA.app/Contents/bin -Didea.junit.sm_runner -Dfile.encoding=UTF-8 
java_command: com.intellij.rt.execution.application.AppMain com.intellij.rt.execution.junit.JUnitStarter -ideVersion5 com.hackerrank.datastructures.disjointset.kunduandtree.TestSolution
Launcher Type: SUN_STANDARD

Environment Variables:
JAVA_HOME=/Library/Java/JavaVirtualMachines/jdk1.7.0_60.jdk/Contents/Home
PATH=/Library/Frameworks/Python.framework/Versions/3.5/bin:/Users/mlesko/anaconda3/anaconda/bin:/Users/mlesko/anaconda/bin:/usr/bin:/bin:/usr/sbin:/sbin:/usr/local/bin:/opt/X11/bin:/Library/Frameworks/Mono.framework/Versions/Current/Commands
SHELL=/bin/sh
DISPLAY=/private/tmp/com.apple.launchd.4udas8MGDA/org.macosforge.xquartz:0

Signal Handlers:
SIGSEGV: [libjvm.dylib+0x52b7b1], sa_mask[0]=0xfffefeff, sa_flags=0x00000043
SIGBUS: [libjvm.dylib+0x52b7b1], sa_mask[0]=0xfffefeff, sa_flags=0x00000042
SIGFPE: [libjvm.dylib+0x41e28a], sa_mask[0]=0xfffefeff, sa_flags=0x00000042
SIGPIPE: [libjvm.dylib+0x41e28a], sa_mask[0]=0xfffefeff, sa_flags=0x00000042
SIGXFSZ: [libjvm.dylib+0x41e28a], sa_mask[0]=0xfffefeff, sa_flags=0x00000042
SIGILL: [libjvm.dylib+0x41e28a], sa_mask[0]=0xfffefeff, sa_flags=0x00000042
SIGUSR1: SIG_DFL, sa_mask[0]=0x00000000, sa_flags=0x00000000
SIGUSR2: [libjvm.dylib+0x41dd7c], sa_mask[0]=0x00000004, sa_flags=0x00000042
SIGHUP: [libjvm.dylib+0x41c00b], sa_mask[0]=0xfffefeff, sa_flags=0x00000042
SIGINT: [libjvm.dylib+0x41c00b], sa_mask[0]=0xfffefeff, sa_flags=0x00000042
SIGTERM: [libjvm.dylib+0x41c00b], sa_mask[0]=0xfffefeff, sa_flags=0x00000042
SIGQUIT: [libjvm.dylib+0x41c00b], sa_mask[0]=0xfffefeff, sa_flags=0x00000042


---------------  S Y S T E M  ---------------

OS:Bsduname:Darwin 15.6.0 Darwin Kernel Version 15.6.0: Wed Nov  2 20:30:56 PDT 2016; root:xnu-3248.60.11.1.2~2/RELEASE_X86_64 x86_64
rlimit: STACK 8192k, CORE 0k, NPROC 709, NOFILE 10240, AS infinity
load average:2.28 2.10 1.41

CPU:total 8 (4 cores per cpu, 2 threads per core) family 6 model 58 stepping 9, cmov, cx8, fxsr, mmx, sse, sse2, sse3, ssse3, sse4.1, sse4.2, popcnt, avx, aes, erms, ht, tsc, tscinvbit, tscinv

Memory: 4k page, physical 16777216k(4194304k free)

/proc/meminfo:


vm_info: Java HotSpot(TM) 64-Bit Server VM (24.60-b09) for bsd-amd64 JRE (1.7.0_60-b19), built on May  7 2014 12:52:25 by "java_re" with gcc 4.2.1 (Based on Apple Inc. build 5658) (LLVM build 2336.11.00)

time: Sat Dec 31 21:00:38 2016
elapsed time: 386 seconds

